Widget_Tarea/app/build/intermediates/manifest_merge_blame_file/debug/manifest-merger-blame-debug-report.txt
1<?xml version="1.0" encoding="utf-8"?>
2<manifest xmlns:android="http://schemas.android.com/apk/res/android"
3    package="com.miempresa.widget_tarea"
4    android:versionCode="1"
5    android:versionName="1.0" >
6
7    <uses-sdk
8        android:minSdkVersion="21"
8-->src\main\AndroidManifest.xml
9        android:targetSdkVersion="31" />
9-->src\main\AndroidManifest.xml
10
11    <application
11-->src\main\AndroidManifest.xml:5:5-37:19
12        android:allowBackup="true"
12-->src\main\AndroidManifest.xml:6:9-35
13        android:appComponentFactory="androidx.core.app.CoreComponentFactory"
13-->[androidx.core:core:1.6.0] AndroidManifest.xml:24:18-86
14        android:debuggable="true"
15        android:icon="@mipmap/ic_launcher"
15-->src\main\AndroidManifest.xml:7:9-43
16        android:label="@string/app_name"
16-->src\main\AndroidManifest.xml:8:9-41
17        android:roundIcon="@mipmap/ic_launcher_round"
17-->src\main\AndroidManifest.xml:9:9-54
18        android:supportsRtl="true"
18-->src\main\AndroidManifest.xml:10:9-35
19        android:testOnly="true"
20        android:theme="@style/Theme.Widget_Tarea" >
20-->src\main\AndroidManifest.xml:11:9-50
21        <activity
21-->src\main\AndroidManifest.xml:12:9-14:39
22            android:name="com.miempresa.widget_tarea.datos"
22-->src\main\AndroidManifest.xml:13:13-34
23            android:exported="true" />
23-->src\main\AndroidManifest.xml:14:13-36
24
25        <receiver
25-->src\main\AndroidManifest.xml:16:9-26:20
26            android:name="com.miempresa.widget_tarea.WidTarea"
26-->src\main\AndroidManifest.xml:17:13-37
27            android:exported="true" >
27-->src\main\AndroidManifest.xml:18:13-36
28            <intent-filter>
28-->src\main\AndroidManifest.xml:19:13-21:29
29                <action android:name="android.appwidget.action.APPWIDGET_UPDATE" />
29-->src\main\AndroidManifest.xml:20:17-84
29-->src\main\AndroidManifest.xml:20:25-81
30            </intent-filter>
31
32            <meta-data
32-->src\main\AndroidManifest.xml:23:13-25:58
33                android:name="android.appwidget.provider"
33-->src\main\AndroidManifest.xml:24:17-58
34                android:resource="@xml/wid_tarea_info" />
34-->src\main\AndroidManifest.xml:25:17-55
35        </receiver>
36
37        <activity
37-->src\main\AndroidManifest.xml:28:9-36:20
38            android:name="com.miempresa.widget_tarea.MainActivity"
38-->src\main\AndroidManifest.xml:29:13-41
39            android:exported="true" >
39-->src\main\AndroidManifest.xml:30:13-36
40            <intent-filter>
40-->src\main\AndroidManifest.xml:31:13-35:29
41                <action android:name="android.intent.action.MAIN" />
41-->src\main\AndroidManifest.xml:32:17-69
41-->src\main\AndroidManifest.xml:32:25-66
42
43                <category android:name="android.intent.category.LAUNCHER" />
43-->src\main\AndroidManifest.xml:34:17-77
43-->src\main\AndroidManifest.xml:34:27-74
44            </intent-filter>
45        </activity>
46    </application>
47
48</manifest>